<?xml version="1.0" encoding="UTF-8"?>
<!-- Generated by org.testng.reporters.JUnitReportReporter -->
<testsuite hostname="User1" name="testclasses.CreateNewClientTest" tests="1" failures="0" timestamp="13 Dec 2016 19:16:04 GMT" time="33.593" errors="1">
  <testcase name="createNewClientTest" time="33.593" classname="testclasses.CreateNewClientTest">
    <error type="org.openqa.selenium.NoSuchElementException" message="Unable to locate element: //label[@class=&#039;xpath1&#039;]/button[1]/a
For documentation on this error, please visit: http://seleniumhq.org/exceptions/no_such_element.html
Build info: version: &#039;3.0.1&#039;, revision: &#039;1969d75&#039;, time: &#039;2016-10-18 09:49:13 -0700&#039;
System info: host: &#039;User1&#039;, ip: &#039;192.168.53.3&#039;, os.name: &#039;Windows 10&#039;, os.arch: &#039;amd64&#039;, os.version: &#039;10.0&#039;, java.version: &#039;1.8.0_111&#039;
Driver info: org.openqa.selenium.firefox.FirefoxDriver
Capabilities [{rotatable=false, raisesAccessibilityExceptions=false, firefoxOptions={args=[], profile=UEsDBBQACAgIAO+pjUkAAAAAAAAAAAAAAAAHAAAAdXNlci5qc51WTW/bOBC991csfOoCGyJptpf2lKYpUKDYLGoEPRIUOZIYUySXH1b873dISbFjy1TSky1phpx58+bNRA+OWgf1+1XlTI9PxLMa8n+pG9Ix1TMHBDSrFIjVX3/UTHn48/O7uPcULKCNNS4klxaYCu3wTNBoK/mCv4bQG7chbQiW2Fb6dneRPlvm/YUC3YQWHT98/PjSbQrYARP4IyAADyC+SefDDcbCFaBbcPE4XNNhXk+Ut850QD130gbqoqZBdsnl+nL+osAqTxAOfa9vlfEwn81kLUyvlWEC79KsScC2pv/Vgl4jWgmpeXeLQdng02W0M4KpBexhG4xRnoBzxnGjvVGHcJ+m72WjjUbUOugqcOv86Mu5ePBeolUwyAUHPiJuNQZKuWO+LfsqqTfEWNAUngI4zVQq5psZVKey/ox6/rIeKuHkFp8Z54DljBoz90gHysEFP4vEc6Wkt4rtQNxdXa7/McicVNq/543xlbjXv6TG+vqrSyLxIvPw8wd6rFhlYvhUKaY3q1PODQlRphR99AhGilMO0J/G9mQlwo22pG9lACV9wAP+i9KdY0KiwUYGMnbTxDpMLnGhCIBiWBhsgDLVfOJttKTFrrF4Nu1B8dRB0aWSro5STtXWmTUkWiwwEI3Q1rsHNHmzjkSbWumuGB7w6GTYIVMU4D/ig5M8UONkIzW1Rkm+K1NVQ49tR8Z8CtV8EehwMkkv17HqZG6Vf/PLm0zG1+nm7DHFjJ+7cyxMKgpanlGvfR9imn3m72kjmrpGO7hg1nqC7DM9rXZUQM2iCvNyMsHOvR35Mx/tKR+KbJvojNxHpQpuRwZlzPYflmyLRz+LBcn6jDzBaJrEjVVMTZdSmMfw7uHHDbkmbF/WU0Ae2ZYNM6Uow8fFm7qqzLzTTB085rFXvGQgdjq+jMxBjVgM5uugHWuOtEkydXV5TnWHU6lmAR8pbEEvaO7BLL1HTi6GUynDN1kFiwnsBxZzvB2JtjSnOzK0AxGxs8WiYVu8irwv+GIQICfFvASfqNaxXF3P70qDvF9M/YosCvHMED9AkbfAN7fYRlinSiq8txz/ePwZ+Rr3qOUF6mA6+7w77KczylzM86AIdiLjfBAH3WaGcZr3rO/6dliFzm6A41ykWREFIq8bmuRggVct4EjOMH4dRPHL8OXtI5MwIWSKmC1Mm9nF/HcXcmWaJr0cN8XifCkSh2jZtEGdIdCB63Tj74ghnXqHdLh7ZiKu0r7qjgV6vy6l9RZ7AZfUhX1pLxWq9tEOa8Z+k/kfUEsHCAlwM+e/AwAAGg0AAFBLAQIUABQACAgIAO+pjUkJcDPnvwMAABoNAAAHAAAAAAAAAAAAAAAAAAAAAAB1c2VyLmpzUEsFBgAAAAABAAEANQAAAPQDAAAAAA==}, appBuildId=20161129180326, version=45.5.1, platform=XP, proxy={}, specificationLevel=1, acceptSslCerts=false, browserVersion=45.5.1, platformVersion=10.0, XULappId={ec8030f7-c20a-464f-9b0e-13a3a9e97384}, browserName=Firefox, takesScreenshot=true, javascriptEnabled=true, takesElementScreenshot=true, platformName=Windows_NT, device=desktop, unexpectedAlertBehaviour=accept}]
Session ID: edfc9d1a-162b-4fb3-8a6a-5bb5e7d4c61a
*** Element info: {Using=xpath, value=//label[@class=&#039;xpath1&#039;]/button[1]/a}">
      <![CDATA[org.openqa.selenium.NoSuchElementException: Unable to locate element: //label[@class='xpath1']/button[1]/a
For documentation on this error, please visit: http://seleniumhq.org/exceptions/no_such_element.html
Build info: version: '3.0.1', revision: '1969d75', time: '2016-10-18 09:49:13 -0700'
System info: host: 'User1', ip: '192.168.53.3', os.name: 'Windows 10', os.arch: 'amd64', os.version: '10.0', java.version: '1.8.0_111'
Driver info: org.openqa.selenium.firefox.FirefoxDriver
Capabilities [{rotatable=false, raisesAccessibilityExceptions=false, firefoxOptions={args=[], profile=UEsDBBQACAgIAO+pjUkAAAAAAAAAAAAAAAAHAAAAdXNlci5qc51WTW/bOBC991csfOoCGyJptpf2lKYpUKDYLGoEPRIUOZIYUySXH1b873dISbFjy1TSky1phpx58+bNRA+OWgf1+1XlTI9PxLMa8n+pG9Ix1TMHBDSrFIjVX3/UTHn48/O7uPcULKCNNS4klxaYCu3wTNBoK/mCv4bQG7chbQiW2Fb6dneRPlvm/YUC3YQWHT98/PjSbQrYARP4IyAADyC+SefDDcbCFaBbcPE4XNNhXk+Ut850QD130gbqoqZBdsnl+nL+osAqTxAOfa9vlfEwn81kLUyvlWEC79KsScC2pv/Vgl4jWgmpeXeLQdng02W0M4KpBexhG4xRnoBzxnGjvVGHcJ+m72WjjUbUOugqcOv86Mu5ePBeolUwyAUHPiJuNQZKuWO+LfsqqTfEWNAUngI4zVQq5psZVKey/ox6/rIeKuHkFp8Z54DljBoz90gHysEFP4vEc6Wkt4rtQNxdXa7/McicVNq/543xlbjXv6TG+vqrSyLxIvPw8wd6rFhlYvhUKaY3q1PODQlRphR99AhGilMO0J/G9mQlwo22pG9lACV9wAP+i9KdY0KiwUYGMnbTxDpMLnGhCIBiWBhsgDLVfOJttKTFrrF4Nu1B8dRB0aWSro5STtXWmTUkWiwwEI3Q1rsHNHmzjkSbWumuGB7w6GTYIVMU4D/ig5M8UONkIzW1Rkm+K1NVQ49tR8Z8CtV8EehwMkkv17HqZG6Vf/PLm0zG1+nm7DHFjJ+7cyxMKgpanlGvfR9imn3m72kjmrpGO7hg1nqC7DM9rXZUQM2iCvNyMsHOvR35Mx/tKR+KbJvojNxHpQpuRwZlzPYflmyLRz+LBcn6jDzBaJrEjVVMTZdSmMfw7uHHDbkmbF/WU0Ae2ZYNM6Uow8fFm7qqzLzTTB085rFXvGQgdjq+jMxBjVgM5uugHWuOtEkydXV5TnWHU6lmAR8pbEEvaO7BLL1HTi6GUynDN1kFiwnsBxZzvB2JtjSnOzK0AxGxs8WiYVu8irwv+GIQICfFvASfqNaxXF3P70qDvF9M/YosCvHMED9AkbfAN7fYRlinSiq8txz/ePwZ+Rr3qOUF6mA6+7w77KczylzM86AIdiLjfBAH3WaGcZr3rO/6dliFzm6A41ykWREFIq8bmuRggVct4EjOMH4dRPHL8OXtI5MwIWSKmC1Mm9nF/HcXcmWaJr0cN8XifCkSh2jZtEGdIdCB63Tj74ghnXqHdLh7ZiKu0r7qjgV6vy6l9RZ7AZfUhX1pLxWq9tEOa8Z+k/kfUEsHCAlwM+e/AwAAGg0AAFBLAQIUABQACAgIAO+pjUkJcDPnvwMAABoNAAAHAAAAAAAAAAAAAAAAAAAAAAB1c2VyLmpzUEsFBgAAAAABAAEANQAAAPQDAAAAAA==}, appBuildId=20161129180326, version=45.5.1, platform=XP, proxy={}, specificationLevel=1, acceptSslCerts=false, browserVersion=45.5.1, platformVersion=10.0, XULappId={ec8030f7-c20a-464f-9b0e-13a3a9e97384}, browserName=Firefox, takesScreenshot=true, javascriptEnabled=true, takesElementScreenshot=true, platformName=Windows_NT, device=desktop, unexpectedAlertBehaviour=accept}]
Session ID: edfc9d1a-162b-4fb3-8a6a-5bb5e7d4c61a
*** Element info: {Using=xpath, value=//label[@class='xpath1']/button[1]/a}
	at sun.reflect.NativeConstructorAccessorImpl.newInstance0(Native Method)
	at sun.reflect.NativeConstructorAccessorImpl.newInstance(Unknown Source)
	at sun.reflect.DelegatingConstructorAccessorImpl.newInstance(Unknown Source)
	at java.lang.reflect.Constructor.newInstance(Unknown Source)
	at org.openqa.selenium.remote.http.W3CHttpResponseCodec.createException(W3CHttpResponseCodec.java:127)
	at org.openqa.selenium.remote.http.W3CHttpResponseCodec.decode(W3CHttpResponseCodec.java:93)
	at org.openqa.selenium.remote.http.W3CHttpResponseCodec.decode(W3CHttpResponseCodec.java:42)
	at org.openqa.selenium.remote.HttpCommandExecutor.execute(HttpCommandExecutor.java:163)
	at org.openqa.selenium.remote.service.DriverCommandExecutor.execute(DriverCommandExecutor.java:82)
	at org.openqa.selenium.remote.RemoteWebDriver.execute(RemoteWebDriver.java:601)
	at org.openqa.selenium.remote.RemoteWebDriver.findElement(RemoteWebDriver.java:368)
	at org.openqa.selenium.remote.RemoteWebDriver.findElementByXPath(RemoteWebDriver.java:473)
	at org.openqa.selenium.By$ByXPath.findElement(By.java:361)
	at org.openqa.selenium.remote.RemoteWebDriver.findElement(RemoteWebDriver.java:360)
	at org.openqa.selenium.support.pagefactory.DefaultElementLocator.findElement(DefaultElementLocator.java:69)
	at org.openqa.selenium.support.pagefactory.internal.LocatingElementHandler.invoke(LocatingElementHandler.java:38)
	at com.sun.proxy.$Proxy9.getWrappedElement(Unknown Source)
	at org.openqa.selenium.remote.internal.WebElementToJsonConverter.apply(WebElementToJsonConverter.java:50)
	at com.google.common.collect.Iterators$8.transform(Iterators.java:817)
	at com.google.common.collect.TransformedIterator.next(TransformedIterator.java:48)
	at com.google.common.collect.Iterators.addAll(Iterators.java:365)
	at com.google.common.collect.Lists.newArrayList(Lists.java:162)
	at com.google.common.collect.Lists.newArrayList(Lists.java:146)
	at org.openqa.selenium.remote.RemoteWebDriver.executeScript(RemoteWebDriver.java:535)
	at pageobjects.forms.FirstPage.enterName(FirstPage.java:202)
	at testclasses.CreateNewClientTest.createNewClientTest(CreateNewClientTest.java:24)
	at sun.reflect.NativeMethodAccessorImpl.invoke0(Native Method)
	at sun.reflect.NativeMethodAccessorImpl.invoke(Unknown Source)
	at sun.reflect.DelegatingMethodAccessorImpl.invoke(Unknown Source)
	at java.lang.reflect.Method.invoke(Unknown Source)
	at org.testng.internal.MethodInvocationHelper.invokeMethod(MethodInvocationHelper.java:86)
	at org.testng.internal.Invoker.invokeMethod(Invoker.java:643)
	at org.testng.internal.Invoker.invokeTestMethod(Invoker.java:820)
	at org.testng.internal.Invoker.invokeTestMethods(Invoker.java:1128)
	at org.testng.internal.TestMethodWorker.invokeTestMethods(TestMethodWorker.java:129)
	at org.testng.internal.TestMethodWorker.run(TestMethodWorker.java:112)
	at org.testng.TestRunner.privateRun(TestRunner.java:782)
	at org.testng.TestRunner.run(TestRunner.java:632)
	at org.testng.SuiteRunner.runTest(SuiteRunner.java:366)
	at org.testng.SuiteRunner.runSequentially(SuiteRunner.java:361)
	at org.testng.SuiteRunner.privateRun(SuiteRunner.java:319)
	at org.testng.SuiteRunner.run(SuiteRunner.java:268)
	at org.testng.SuiteRunnerWorker.runSuite(SuiteRunnerWorker.java:52)
	at org.testng.SuiteRunnerWorker.run(SuiteRunnerWorker.java:86)
	at org.testng.TestNG.runSuitesSequentially(TestNG.java:1244)
	at org.testng.TestNG.runSuitesLocally(TestNG.java:1169)
	at org.testng.TestNG.run(TestNG.java:1064)
	at org.testng.remote.AbstractRemoteTestNG.run(AbstractRemoteTestNG.java:132)
	at org.testng.remote.RemoteTestNG.initAndRun(RemoteTestNG.java:236)
	at org.testng.remote.RemoteTestNG.main(RemoteTestNG.java:81)
]]>
    </error>
  </testcase> <!-- createNewClientTest -->
</testsuite> <!-- testclasses.CreateNewClientTest -->
